# JRE version: OpenJDK Runtime Environment AdoptOpenJDK (11.0.10+9) (build 11.0.10+9)
# Java VM: OpenJDK 64-Bit Server VM AdoptOpenJDK (11.0.10+9, mixed mode, tiered, compressed oops, g1 gc, windows-amd64)
Heap:
 garbage-first heap   total 260096K, used 105577K [0x0000000702400000, 0x0000000800000000)
  region size 1024K, 104 young (106496K), 13 survivors (13312K)
 Metaspace       used 44753K, capacity 45303K, committed 45392K, reserved 1089536K
  class space    used 5411K, capacity 5624K, committed 5632K, reserved 1048576K
GC Heap History (6 events):
Event: 0.248 GC heap before
{Heap before GC invocations=0 (full 0):
 garbage-first heap   total 260096K, used 22528K [0x0000000702400000, 0x0000000800000000)
  region size 1024K, 22 young (22528K), 0 survivors (0K)
 Metaspace       used 7193K, capacity 7311K, committed 7424K, reserved 1056768K
  class space    used 629K, capacity 670K, committed 768K, reserved 1048576K
}
Event: 0.252 GC heap after
{Heap after GC invocations=1 (full 0):
 garbage-first heap   total 260096K, used 3669K [0x0000000702400000, 0x0000000800000000)
  region size 1024K, 3 young (3072K), 3 survivors (3072K)
 Metaspace       used 7193K, capacity 7311K, committed 7424K, reserved 1056768K
  class space    used 629K, capacity 670K, committed 768K, reserved 1048576K
}
Event: 7.098 GC heap before
{Heap before GC invocations=1 (full 0):
 garbage-first heap   total 260096K, used 121429K [0x0000000702400000, 0x0000000800000000)
  region size 1024K, 120 young (122880K), 3 survivors (3072K)
 Metaspace       used 20824K, capacity 21141K, committed 21296K, reserved 1069056K
  class space    used 2222K, capacity 2335K, committed 2432K, reserved 1048576K
}
Event: 7.104 GC heap after
{Heap after GC invocations=2 (full 0):
 garbage-first heap   total 260096K, used 7018K [0x0000000702400000, 0x0000000800000000)
  region size 1024K, 6 young (6144K), 6 survivors (6144K)
 Metaspace       used 20824K, capacity 21141K, committed 21296K, reserved 1069056K
  class space    used 2222K, capacity 2335K, committed 2432K, reserved 1048576K
}
Event: 8.234 GC heap before
{Heap before GC invocations=3 (full 0):
 garbage-first heap   total 260096K, used 132970K [0x0000000702400000, 0x0000000800000000)
  region size 1024K, 130 young (133120K), 6 survivors (6144K)
 Metaspace       used 35428K, capacity 35812K, committed 35920K, reserved 1081344K
  class space    used 4187K, capacity 4335K, committed 4352K, reserved 1048576K
}
Event: 8.245 GC heap after
{Heap after GC invocations=4 (full 0):
 garbage-first heap   total 260096K, used 13417K [0x0000000702400000, 0x0000000800000000)
  region size 1024K, 13 young (13312K), 13 survivors (13312K)
 Metaspace       used 35428K, capacity 35812K, committed 35920K, reserved 1081344K
  class space    used 4187K, capacity 4335K, committed 4352K, reserved 1048576K
}

