# JRE version: OpenJDK Runtime Environment AdoptOpenJDK (11.0.10+9) (build 11.0.10+9)
# Java VM: OpenJDK 64-Bit Server VM AdoptOpenJDK (11.0.10+9, mixed mode, tiered, compressed oops, g1 gc, windows-amd64)
Heap:
 garbage-first heap   total 260096K, used 85917K [0x0000000702400000, 0x0000000800000000)
  region size 1024K, 84 young (86016K), 12 survivors (12288K)
 Metaspace       used 43422K, capacity 43879K, committed 44112K, reserved 1087488K
  class space    used 5245K, capacity 5424K, committed 5500K, reserved 1048576K
GC Heap History (6 events):
Event: 0.244 GC heap before
{Heap before GC invocations=0 (full 0):
 garbage-first heap   total 260096K, used 22528K [0x0000000702400000, 0x0000000800000000)
  region size 1024K, 22 young (22528K), 0 survivors (0K)
 Metaspace       used 7212K, capacity 7311K, committed 7424K, reserved 1056768K
  class space    used 629K, capacity 670K, committed 768K, reserved 1048576K
}
Event: 0.249 GC heap after
{Heap after GC invocations=1 (full 0):
 garbage-first heap   total 260096K, used 3670K [0x0000000702400000, 0x0000000800000000)
  region size 1024K, 3 young (3072K), 3 survivors (3072K)
 Metaspace       used 7212K, capacity 7311K, committed 7424K, reserved 1056768K
  class space    used 629K, capacity 670K, committed 768K, reserved 1048576K
}
Event: 9.000 GC heap before
{Heap before GC invocations=1 (full 0):
 garbage-first heap   total 260096K, used 123478K [0x0000000702400000, 0x0000000800000000)
  region size 1024K, 122 young (124928K), 3 survivors (3072K)
 Metaspace       used 20974K, capacity 21234K, committed 21248K, reserved 1069056K
  class space    used 2205K, capacity 2302K, committed 2304K, reserved 1048576K
}
Event: 9.005 GC heap after
{Heap after GC invocations=2 (full 0):
 garbage-first heap   total 260096K, used 7167K [0x0000000702400000, 0x0000000800000000)
  region size 1024K, 6 young (6144K), 6 survivors (6144K)
 Metaspace       used 20974K, capacity 21234K, committed 21248K, reserved 1069056K
  class space    used 2205K, capacity 2302K, committed 2304K, reserved 1048576K
}
Event: 10.119 GC heap before
{Heap before GC invocations=3 (full 0):
 garbage-first heap   total 260096K, used 121855K [0x0000000702400000, 0x0000000800000000)
  region size 1024K, 119 young (121856K), 6 survivors (6144K)
 Metaspace       used 35528K, capacity 35939K, committed 36048K, reserved 1081344K
  class space    used 4116K, capacity 4271K, committed 4348K, reserved 1048576K
}
Event: 10.130 GC heap after
{Heap after GC invocations=4 (full 0):
 garbage-first heap   total 260096K, used 13213K [0x0000000702400000, 0x0000000800000000)
  region size 1024K, 12 young (12288K), 12 survivors (12288K)
 Metaspace       used 35528K, capacity 35939K, committed 36048K, reserved 1081344K
  class space    used 4116K, capacity 4271K, committed 4348K, reserved 1048576K
}

